<?xml version="1.0" encoding="UTF-8"?>
<testng-results ignored="0" total="2" passed="2" failed="0" skipped="0">
  <reporter-output>
  </reporter-output>
  <suite started-at="2024-02-25T14:18:55 IST" name="Default suite" finished-at="2024-02-25T14:19:08 IST" duration-ms="13324">
    <groups>
    </groups>
    <test started-at="2024-02-25T14:18:55 IST" name="Default test" finished-at="2024-02-25T14:19:08 IST" duration-ms="13324">
      <class name="Demo">
        <test-method is-config="true" signature="Mai()[pri:0, instance:Demo@659499f1]" started-at="2024-02-25T14:18:55 IST" name="Mai" finished-at="2024-02-25T14:18:57 IST" duration-ms="2049" status="PASS">
          <reporter-output>
          </reporter-output>
        </test-method> <!-- Mai -->
        <test-method signature="testdata(java.lang.String,java.lang.String)[pri:0, instance:Demo@659499f1]" started-at="2024-02-25T14:18:57 IST" name="testdata" data-provider="dp" finished-at="2024-02-25T14:19:03 IST" duration-ms="5722" status="PASS">
          <params>
            <param index="0">
              <value>
                <![CDATA[user@gmail.com]]>
              </value>
            </param>
            <param index="1">
              <value>
                <![CDATA[useer123]]>
              </value>
            </param>
          </params>
          <reporter-output>
          </reporter-output>
        </test-method> <!-- testdata -->
        <test-method signature="testdata(java.lang.String,java.lang.String)[pri:0, instance:Demo@659499f1]" started-at="2024-02-25T14:19:03 IST" name="testdata" data-provider="dp" finished-at="2024-02-25T14:19:08 IST" duration-ms="5318" status="PASS">
          <params>
            <param index="0">
              <value>
                <![CDATA[user1234@gmail.com]]>
              </value>
            </param>
            <param index="1">
              <value>
                <![CDATA[user123]]>
              </value>
            </param>
          </params>
          <reporter-output>
          </reporter-output>
        </test-method> <!-- testdata -->
        <test-method is-config="true" signature="logout()[pri:0, instance:Demo@659499f1]" started-at="2024-02-25T14:19:08 IST" name="logout" finished-at="2024-02-25T14:19:08 IST" duration-ms="184" status="PASS">
          <reporter-output>
          </reporter-output>
        </test-method> <!-- logout -->
      </class> <!-- Demo -->
    </test> <!-- Default test -->
  </suite> <!-- Default suite -->
</testng-results>
